2021-11-05 10:07:47.956  INFO 5336 --- [main] t.e.spring.TimesheetServiceImplTest      : Starting TimesheetServiceImplTest on DESKTOP-2K81BK0 with PID 5336 (started by Mahdi in C:\Users\Mahdi\Desktop\esprit\5eme\devops\TimesheetProject)
2021-11-05 10:07:47.978  INFO 5336 --- [main] t.e.spring.TimesheetServiceImplTest      : No active profile set, falling back to default profiles: default
2021-11-05 10:07:49.665  INFO 5336 --- [main] .s.d.r.c.RepositoryConfigurationDelegate : Bootstrapping Spring Data repositories in DEFAULT mode.
2021-11-05 10:07:49.781  INFO 5336 --- [main] .s.d.r.c.RepositoryConfigurationDelegate : Finished Spring Data repository scanning in 99ms. Found 6 repository interfaces.
2021-11-05 10:07:50.783  INFO 5336 --- [main] trationDelegate$BeanPostProcessorChecker : Bean 'org.springframework.transaction.annotation.ProxyTransactionManagementConfiguration' of type [org.springframework.transaction.annotation.ProxyTransactionManagementConfiguration$$EnhancerBySpringCGLIB$$4f73da3e] is not eligible for getting processed by all BeanPostProcessors (for example: not eligible for auto-proxying)
2021-11-05 10:07:51.257  INFO 5336 --- [main] com.zaxxer.hikari.HikariDataSource       : HikariPool-1 - Starting...
2021-11-05 10:07:52.493  INFO 5336 --- [main] com.zaxxer.hikari.HikariDataSource       : HikariPool-1 - Start completed.
2021-11-05 10:07:52.638  INFO 5336 --- [main] o.hibernate.jpa.internal.util.LogHelper  : HHH000204: Processing PersistenceUnitInfo [
	name: default
	...]
2021-11-05 10:07:52.773  INFO 5336 --- [main] org.hibernate.Version                    : HHH000412: Hibernate Core {5.3.9.Final}
2021-11-05 10:07:52.775  INFO 5336 --- [main] org.hibernate.cfg.Environment            : HHH000206: hibernate.properties not found
2021-11-05 10:07:53.446  INFO 5336 --- [main] o.hibernate.annotations.common.Version   : HCANN000001: Hibernate Commons Annotations {5.0.4.Final}
2021-11-05 10:07:53.966  INFO 5336 --- [main] org.hibernate.dialect.Dialect            : HHH000400: Using dialect: org.hibernate.dialect.MySQL5Dialect
2021-11-05 10:07:55.886  INFO 5336 --- [main] j.LocalContainerEntityManagerFactoryBean : Initialized JPA EntityManagerFactory for persistence unit 'default'
2021-11-05 10:07:56.298  INFO 5336 --- [main] o.h.h.i.QueryTranslatorFactoryInitiator  : HHH000397: Using ASTQueryTranslatorFactory
2021-11-05 10:07:57.413  INFO 5336 --- [main] o.s.s.concurrent.ThreadPoolTaskExecutor  : Initializing ExecutorService 'applicationTaskExecutor'
2021-11-05 10:07:57.484  WARN 5336 --- [main] aWebConfiguration$JpaWebMvcConfiguration : spring.jpa.open-in-view is enabled by default. Therefore, database queries may be performed during view rendering. Explicitly configure spring.jpa.open-in-view to disable this warning
2021-11-05 10:07:57.943  INFO 5336 --- [main] t.e.spring.TimesheetServiceImplTest      : Started TimesheetServiceImplTest in 10.821 seconds (JVM running for 14.679)
2021-11-05 10:07:58.218  INFO 5336 --- [main] t.e.spring.TimesheetServiceImplTest      : mission added 17
2021-11-05 10:07:58.322  INFO 5336 --- [main] t.e.spring.TimesheetServiceImplTest      : timesheet parsed
2021-11-05 10:07:58.486  INFO 5336 --- [main] t.e.spring.TimesheetServiceImplTest      : mission added
2021-11-05 10:07:58.492  INFO 5336 --- [main] t.e.spring.TimesheetServiceImplTest      : departement created and added
2021-11-05 10:07:58.599  INFO 5336 --- [main] t.e.spring.TimesheetServiceImplTest      : Mission affected
2021-11-05 10:07:58.607  INFO 5336 --- [Thread-1] o.s.s.concurrent.ThreadPoolTaskExecutor  : Shutting down ExecutorService 'applicationTaskExecutor'
2021-11-05 10:07:58.609  INFO 5336 --- [Thread-1] j.LocalContainerEntityManagerFactoryBean : Closing JPA EntityManagerFactory for persistence unit 'default'
2021-11-05 10:07:58.612  INFO 5336 --- [Thread-1] com.zaxxer.hikari.HikariDataSource       : HikariPool-1 - Shutdown initiated...
2021-11-05 10:07:58.620  INFO 5336 --- [Thread-1] com.zaxxer.hikari.HikariDataSource       : HikariPool-1 - Shutdown completed.
2021-11-05 10:09:22.128  INFO 15768 --- [main] t.e.spring.TimesheetServiceImplTest      : Starting TimesheetServiceImplTest on DESKTOP-2K81BK0 with PID 15768 (started by Mahdi in C:\Users\Mahdi\Desktop\esprit\5eme\devops\TimesheetProject)
2021-11-05 10:09:22.131  INFO 15768 --- [main] t.e.spring.TimesheetServiceImplTest      : No active profile set, falling back to default profiles: default
2021-11-05 10:09:23.075  INFO 15768 --- [main] .s.d.r.c.RepositoryConfigurationDelegate : Bootstrapping Spring Data repositories in DEFAULT mode.
2021-11-05 10:09:23.190  INFO 15768 --- [main] .s.d.r.c.RepositoryConfigurationDelegate : Finished Spring Data repository scanning in 103ms. Found 6 repository interfaces.
2021-11-05 10:09:23.679  INFO 15768 --- [main] trationDelegate$BeanPostProcessorChecker : Bean 'org.springframework.transaction.annotation.ProxyTransactionManagementConfiguration' of type [org.springframework.transaction.annotation.ProxyTransactionManagementConfiguration$$EnhancerBySpringCGLIB$$98d13306] is not eligible for getting processed by all BeanPostProcessors (for example: not eligible for auto-proxying)
2021-11-05 10:09:23.914  INFO 15768 --- [main] com.zaxxer.hikari.HikariDataSource       : HikariPool-1 - Starting...
2021-11-05 10:09:24.073  INFO 15768 --- [main] com.zaxxer.hikari.HikariDataSource       : HikariPool-1 - Start completed.
2021-11-05 10:09:24.145  INFO 15768 --- [main] o.hibernate.jpa.internal.util.LogHelper  : HHH000204: Processing PersistenceUnitInfo [
	name: default
	...]
2021-11-05 10:09:24.229  INFO 15768 --- [main] org.hibernate.Version                    : HHH000412: Hibernate Core {5.3.9.Final}
2021-11-05 10:09:24.231  INFO 15768 --- [main] org.hibernate.cfg.Environment            : HHH000206: hibernate.properties not found
2021-11-05 10:09:24.392  INFO 15768 --- [main] o.hibernate.annotations.common.Version   : HCANN000001: Hibernate Commons Annotations {5.0.4.Final}
2021-11-05 10:09:24.913  INFO 15768 --- [main] org.hibernate.dialect.Dialect            : HHH000400: Using dialect: org.hibernate.dialect.MySQL5Dialect
2021-11-05 10:09:26.017  INFO 15768 --- [main] j.LocalContainerEntityManagerFactoryBean : Initialized JPA EntityManagerFactory for persistence unit 'default'
2021-11-05 10:09:26.372  INFO 15768 --- [main] o.h.h.i.QueryTranslatorFactoryInitiator  : HHH000397: Using ASTQueryTranslatorFactory
2021-11-05 10:09:27.341  INFO 15768 --- [main] o.s.s.concurrent.ThreadPoolTaskExecutor  : Initializing ExecutorService 'applicationTaskExecutor'
2021-11-05 10:09:27.410  WARN 15768 --- [main] aWebConfiguration$JpaWebMvcConfiguration : spring.jpa.open-in-view is enabled by default. Therefore, database queries may be performed during view rendering. Explicitly configure spring.jpa.open-in-view to disable this warning
2021-11-05 10:09:27.781  INFO 15768 --- [main] t.e.spring.TimesheetServiceImplTest      : Started TimesheetServiceImplTest in 6.154 seconds (JVM running for 7.407)
2021-11-05 10:09:27.977  INFO 15768 --- [main] t.e.spring.TimesheetServiceImplTest      : mission added 20
2021-11-05 10:09:28.016  INFO 15768 --- [main] t.e.spring.TimesheetServiceImplTest      : timesheet parsed
2021-11-05 10:09:28.108  INFO 15768 --- [main] t.e.spring.TimesheetServiceImplTest      : mission added
2021-11-05 10:09:28.113  INFO 15768 --- [main] t.e.spring.TimesheetServiceImplTest      : departement created and added
2021-11-05 10:09:28.135  INFO 15768 --- [main] t.e.spring.TimesheetServiceImplTest      : Mission affected
2021-11-05 10:09:28.143  INFO 15768 --- [Thread-1] o.s.s.concurrent.ThreadPoolTaskExecutor  : Shutting down ExecutorService 'applicationTaskExecutor'
2021-11-05 10:09:28.145  INFO 15768 --- [Thread-1] j.LocalContainerEntityManagerFactoryBean : Closing JPA EntityManagerFactory for persistence unit 'default'
2021-11-05 10:09:28.148  INFO 15768 --- [Thread-1] com.zaxxer.hikari.HikariDataSource       : HikariPool-1 - Shutdown initiated...
2021-11-05 10:09:28.155  INFO 15768 --- [Thread-1] com.zaxxer.hikari.HikariDataSource       : HikariPool-1 - Shutdown completed.
2021-11-05 10:19:15.528  INFO 16680 --- [main] t.e.spring.TimesheetServiceImplTest      : Starting TimesheetServiceImplTest on DESKTOP-2K81BK0 with PID 16680 (started by Mahdi in C:\Users\Mahdi\Desktop\esprit\5eme\devops\TimesheetProject)
2021-11-05 10:19:15.530  INFO 16680 --- [main] t.e.spring.TimesheetServiceImplTest      : No active profile set, falling back to default profiles: default
2021-11-05 10:19:16.445  INFO 16680 --- [main] .s.d.r.c.RepositoryConfigurationDelegate : Bootstrapping Spring Data repositories in DEFAULT mode.
2021-11-05 10:19:16.557  INFO 16680 --- [main] .s.d.r.c.RepositoryConfigurationDelegate : Finished Spring Data repository scanning in 102ms. Found 6 repository interfaces.
2021-11-05 10:19:16.998  INFO 16680 --- [main] trationDelegate$BeanPostProcessorChecker : Bean 'org.springframework.transaction.annotation.ProxyTransactionManagementConfiguration' of type [org.springframework.transaction.annotation.ProxyTransactionManagementConfiguration$$EnhancerBySpringCGLIB$$c75e05] is not eligible for getting processed by all BeanPostProcessors (for example: not eligible for auto-proxying)
2021-11-05 10:19:17.217  INFO 16680 --- [main] com.zaxxer.hikari.HikariDataSource       : HikariPool-1 - Starting...
2021-11-05 10:19:17.382  INFO 16680 --- [main] com.zaxxer.hikari.HikariDataSource       : HikariPool-1 - Start completed.
2021-11-05 10:19:17.468  INFO 16680 --- [main] o.hibernate.jpa.internal.util.LogHelper  : HHH000204: Processing PersistenceUnitInfo [
	name: default
	...]
2021-11-05 10:19:17.558  INFO 16680 --- [main] org.hibernate.Version                    : HHH000412: Hibernate Core {5.3.9.Final}
2021-11-05 10:19:17.559  INFO 16680 --- [main] org.hibernate.cfg.Environment            : HHH000206: hibernate.properties not found
2021-11-05 10:19:17.717  INFO 16680 --- [main] o.hibernate.annotations.common.Version   : HCANN000001: Hibernate Commons Annotations {5.0.4.Final}
2021-11-05 10:19:18.242  INFO 16680 --- [main] org.hibernate.dialect.Dialect            : HHH000400: Using dialect: org.hibernate.dialect.MySQL5Dialect
2021-11-05 10:19:19.417  INFO 16680 --- [main] j.LocalContainerEntityManagerFactoryBean : Initialized JPA EntityManagerFactory for persistence unit 'default'
2021-11-05 10:19:19.894  INFO 16680 --- [main] o.h.h.i.QueryTranslatorFactoryInitiator  : HHH000397: Using ASTQueryTranslatorFactory
2021-11-05 10:19:21.003  INFO 16680 --- [main] o.s.s.concurrent.ThreadPoolTaskExecutor  : Initializing ExecutorService 'applicationTaskExecutor'
2021-11-05 10:19:21.081  WARN 16680 --- [main] aWebConfiguration$JpaWebMvcConfiguration : spring.jpa.open-in-view is enabled by default. Therefore, database queries may be performed during view rendering. Explicitly configure spring.jpa.open-in-view to disable this warning
2021-11-05 10:19:21.469  INFO 16680 --- [main] t.e.spring.TimesheetServiceImplTest      : Started TimesheetServiceImplTest in 6.426 seconds (JVM running for 7.536)
2021-11-05 10:19:21.658  INFO 16680 --- [main] t.e.spring.TimesheetServiceImplTest      : mission added 23
2021-11-05 10:19:21.691  INFO 16680 --- [main] t.e.spring.TimesheetServiceImplTest      : timesheet parsed
2021-11-05 10:19:21.767  INFO 16680 --- [main] t.e.spring.TimesheetServiceImplTest      : mission added
2021-11-05 10:19:21.772  INFO 16680 --- [main] t.e.spring.TimesheetServiceImplTest      : departement created and added
2021-11-05 10:19:21.795  INFO 16680 --- [main] t.e.spring.TimesheetServiceImplTest      : Mission affected
2021-11-05 10:19:21.803  INFO 16680 --- [Thread-1] o.s.s.concurrent.ThreadPoolTaskExecutor  : Shutting down ExecutorService 'applicationTaskExecutor'
2021-11-05 10:19:21.805  INFO 16680 --- [Thread-1] j.LocalContainerEntityManagerFactoryBean : Closing JPA EntityManagerFactory for persistence unit 'default'
2021-11-05 10:19:21.809  INFO 16680 --- [Thread-1] com.zaxxer.hikari.HikariDataSource       : HikariPool-1 - Shutdown initiated...
2021-11-05 10:19:21.817  INFO 16680 --- [Thread-1] com.zaxxer.hikari.HikariDataSource       : HikariPool-1 - Shutdown completed.
2021-11-05 10:20:01.710  INFO 18724 --- [main] t.e.spring.TimesheetServiceImplTest      : Starting TimesheetServiceImplTest on DESKTOP-2K81BK0 with PID 18724 (started by Mahdi in C:\Users\Mahdi\Desktop\esprit\5eme\devops\TimesheetProject)
2021-11-05 10:20:01.712  INFO 18724 --- [main] t.e.spring.TimesheetServiceImplTest      : No active profile set, falling back to default profiles: default
2021-11-05 10:20:02.700  INFO 18724 --- [main] .s.d.r.c.RepositoryConfigurationDelegate : Bootstrapping Spring Data repositories in DEFAULT mode.
2021-11-05 10:20:02.835  INFO 18724 --- [main] .s.d.r.c.RepositoryConfigurationDelegate : Finished Spring Data repository scanning in 122ms. Found 6 repository interfaces.
2021-11-05 10:20:03.383  INFO 18724 --- [main] trationDelegate$BeanPostProcessorChecker : Bean 'org.springframework.transaction.annotation.ProxyTransactionManagementConfiguration' of type [org.springframework.transaction.annotation.ProxyTransactionManagementConfiguration$$EnhancerBySpringCGLIB$$88e8ae4] is not eligible for getting processed by all BeanPostProcessors (for example: not eligible for auto-proxying)
2021-11-05 10:20:03.704  INFO 18724 --- [main] com.zaxxer.hikari.HikariDataSource       : HikariPool-1 - Starting...
2021-11-05 10:20:03.893  INFO 18724 --- [main] com.zaxxer.hikari.HikariDataSource       : HikariPool-1 - Start completed.
2021-11-05 10:20:03.986  INFO 18724 --- [main] o.hibernate.jpa.internal.util.LogHelper  : HHH000204: Processing PersistenceUnitInfo [
	name: default
	...]
2021-11-05 10:20:04.091  INFO 18724 --- [main] org.hibernate.Version                    : HHH000412: Hibernate Core {5.3.9.Final}
2021-11-05 10:20:04.093  INFO 18724 --- [main] org.hibernate.cfg.Environment            : HHH000206: hibernate.properties not found
2021-11-05 10:20:04.299  INFO 18724 --- [main] o.hibernate.annotations.common.Version   : HCANN000001: Hibernate Commons Annotations {5.0.4.Final}
2021-11-05 10:20:04.868  INFO 18724 --- [main] org.hibernate.dialect.Dialect            : HHH000400: Using dialect: org.hibernate.dialect.MySQL5Dialect
2021-11-05 10:20:06.048  INFO 18724 --- [main] j.LocalContainerEntityManagerFactoryBean : Initialized JPA EntityManagerFactory for persistence unit 'default'
2021-11-05 10:20:06.474  INFO 18724 --- [main] o.h.h.i.QueryTranslatorFactoryInitiator  : HHH000397: Using ASTQueryTranslatorFactory
2021-11-05 10:20:07.486  INFO 18724 --- [main] o.s.s.concurrent.ThreadPoolTaskExecutor  : Initializing ExecutorService 'applicationTaskExecutor'
2021-11-05 10:20:07.557  WARN 18724 --- [main] aWebConfiguration$JpaWebMvcConfiguration : spring.jpa.open-in-view is enabled by default. Therefore, database queries may be performed during view rendering. Explicitly configure spring.jpa.open-in-view to disable this warning
2021-11-05 10:20:08.052  INFO 18724 --- [main] t.e.spring.TimesheetServiceImplTest      : Started TimesheetServiceImplTest in 6.851 seconds (JVM running for 7.948)
2021-11-05 10:20:08.432  INFO 18724 --- [main] t.e.spring.TimesheetServiceImplTest      : mission added 26
2021-11-05 10:20:08.467  INFO 18724 --- [main] t.e.spring.TimesheetServiceImplTest      : timesheet parsed
2021-11-05 10:20:08.539  INFO 18724 --- [main] t.e.spring.TimesheetServiceImplTest      : mission added
2021-11-05 10:20:08.544  INFO 18724 --- [main] t.e.spring.TimesheetServiceImplTest      : departement created and added
2021-11-05 10:20:08.566  INFO 18724 --- [main] t.e.spring.TimesheetServiceImplTest      : Mission affected
2021-11-05 10:20:08.573  INFO 18724 --- [Thread-1] o.s.s.concurrent.ThreadPoolTaskExecutor  : Shutting down ExecutorService 'applicationTaskExecutor'
2021-11-05 10:20:08.576  INFO 18724 --- [Thread-1] j.LocalContainerEntityManagerFactoryBean : Closing JPA EntityManagerFactory for persistence unit 'default'
2021-11-05 10:20:08.579  INFO 18724 --- [Thread-1] com.zaxxer.hikari.HikariDataSource       : HikariPool-1 - Shutdown initiated...
2021-11-05 10:20:08.586  INFO 18724 --- [Thread-1] com.zaxxer.hikari.HikariDataSource       : HikariPool-1 - Shutdown completed.
2021-11-05 10:20:30.796  INFO 18904 --- [main] t.e.spring.TimesheetServiceImplTest      : Starting TimesheetServiceImplTest on DESKTOP-2K81BK0 with PID 18904 (started by Mahdi in C:\Users\Mahdi\Desktop\esprit\5eme\devops\TimesheetProject)
2021-11-05 10:20:30.798  INFO 18904 --- [main] t.e.spring.TimesheetServiceImplTest      : No active profile set, falling back to default profiles: default
2021-11-05 10:20:31.988  INFO 18904 --- [main] .s.d.r.c.RepositoryConfigurationDelegate : Bootstrapping Spring Data repositories in DEFAULT mode.
2021-11-05 10:20:32.090  INFO 18904 --- [main] .s.d.r.c.RepositoryConfigurationDelegate : Finished Spring Data repository scanning in 94ms. Found 6 repository interfaces.
2021-11-05 10:20:32.531  INFO 18904 --- [main] trationDelegate$BeanPostProcessorChecker : Bean 'org.springframework.transaction.annotation.ProxyTransactionManagementConfiguration' of type [org.springframework.transaction.annotation.ProxyTransactionManagementConfiguration$$EnhancerBySpringCGLIB$$bc0b6ca2] is not eligible for getting processed by all BeanPostProcessors (for example: not eligible for auto-proxying)
2021-11-05 10:20:32.771  INFO 18904 --- [main] com.zaxxer.hikari.HikariDataSource       : HikariPool-1 - Starting...
2021-11-05 10:20:32.926  INFO 18904 --- [main] com.zaxxer.hikari.HikariDataSource       : HikariPool-1 - Start completed.
2021-11-05 10:20:33.005  INFO 18904 --- [main] o.hibernate.jpa.internal.util.LogHelper  : HHH000204: Processing PersistenceUnitInfo [
	name: default
	...]
2021-11-05 10:20:33.098  INFO 18904 --- [main] org.hibernate.Version                    : HHH000412: Hibernate Core {5.3.9.Final}
2021-11-05 10:20:33.100  INFO 18904 --- [main] org.hibernate.cfg.Environment            : HHH000206: hibernate.properties not found
2021-11-05 10:20:33.261  INFO 18904 --- [main] o.hibernate.annotations.common.Version   : HCANN000001: Hibernate Commons Annotations {5.0.4.Final}
2021-11-05 10:20:33.827  INFO 18904 --- [main] org.hibernate.dialect.Dialect            : HHH000400: Using dialect: org.hibernate.dialect.MySQL5Dialect
2021-11-05 10:20:35.015  INFO 18904 --- [main] j.LocalContainerEntityManagerFactoryBean : Initialized JPA EntityManagerFactory for persistence unit 'default'
2021-11-05 10:20:35.379  INFO 18904 --- [main] o.h.h.i.QueryTranslatorFactoryInitiator  : HHH000397: Using ASTQueryTranslatorFactory
2021-11-05 10:20:36.442  INFO 18904 --- [main] o.s.s.concurrent.ThreadPoolTaskExecutor  : Initializing ExecutorService 'applicationTaskExecutor'
2021-11-05 10:20:36.514  WARN 18904 --- [main] aWebConfiguration$JpaWebMvcConfiguration : spring.jpa.open-in-view is enabled by default. Therefore, database queries may be performed during view rendering. Explicitly configure spring.jpa.open-in-view to disable this warning
2021-11-05 10:20:36.886  INFO 18904 --- [main] t.e.spring.TimesheetServiceImplTest      : Started TimesheetServiceImplTest in 6.577 seconds (JVM running for 7.713)
2021-11-05 10:20:37.072  INFO 18904 --- [main] t.e.spring.TimesheetServiceImplTest      : mission added 29
2021-11-05 10:20:37.114  INFO 18904 --- [main] t.e.spring.TimesheetServiceImplTest      : timesheet parsed
2021-11-05 10:20:37.184  INFO 18904 --- [main] t.e.spring.TimesheetServiceImplTest      : mission added
2021-11-05 10:20:37.190  INFO 18904 --- [main] t.e.spring.TimesheetServiceImplTest      : departement created and added
2021-11-05 10:20:37.210  INFO 18904 --- [main] t.e.spring.TimesheetServiceImplTest      : Mission affected
2021-11-05 10:20:37.217  INFO 18904 --- [Thread-1] o.s.s.concurrent.ThreadPoolTaskExecutor  : Shutting down ExecutorService 'applicationTaskExecutor'
2021-11-05 10:20:37.219  INFO 18904 --- [Thread-1] j.LocalContainerEntityManagerFactoryBean : Closing JPA EntityManagerFactory for persistence unit 'default'
2021-11-05 10:20:37.222  INFO 18904 --- [Thread-1] com.zaxxer.hikari.HikariDataSource       : HikariPool-1 - Shutdown initiated...
2021-11-05 10:20:37.231  INFO 18904 --- [Thread-1] com.zaxxer.hikari.HikariDataSource       : HikariPool-1 - Shutdown completed.
2021-11-05 10:22:02.844  INFO 15136 --- [main] t.e.spring.TimesheetServiceImplTest      : Starting TimesheetServiceImplTest on DESKTOP-2K81BK0 with PID 15136 (started by Mahdi in C:\Users\Mahdi\Desktop\esprit\5eme\devops\TimesheetProject)
2021-11-05 10:22:02.847  INFO 15136 --- [main] t.e.spring.TimesheetServiceImplTest      : No active profile set, falling back to default profiles: default
2021-11-05 10:22:03.948  INFO 15136 --- [main] .s.d.r.c.RepositoryConfigurationDelegate : Bootstrapping Spring Data repositories in DEFAULT mode.
2021-11-05 10:22:04.067  INFO 15136 --- [main] .s.d.r.c.RepositoryConfigurationDelegate : Finished Spring Data repository scanning in 105ms. Found 6 repository interfaces.
2021-11-05 10:22:04.510  INFO 15136 --- [main] trationDelegate$BeanPostProcessorChecker : Bean 'org.springframework.transaction.annotation.ProxyTransactionManagementConfiguration' of type [org.springframework.transaction.annotation.ProxyTransactionManagementConfiguration$$EnhancerBySpringCGLIB$$88e8ae4] is not eligible for getting processed by all BeanPostProcessors (for example: not eligible for auto-proxying)
2021-11-05 10:22:04.735  INFO 15136 --- [main] com.zaxxer.hikari.HikariDataSource       : HikariPool-1 - Starting...
2021-11-05 10:22:04.899  INFO 15136 --- [main] com.zaxxer.hikari.HikariDataSource       : HikariPool-1 - Start completed.
2021-11-05 10:22:04.972  INFO 15136 --- [main] o.hibernate.jpa.internal.util.LogHelper  : HHH000204: Processing PersistenceUnitInfo [
	name: default
	...]
2021-11-05 10:22:05.061  INFO 15136 --- [main] org.hibernate.Version                    : HHH000412: Hibernate Core {5.3.9.Final}
2021-11-05 10:22:05.062  INFO 15136 --- [main] org.hibernate.cfg.Environment            : HHH000206: hibernate.properties not found
2021-11-05 10:22:05.219  INFO 15136 --- [main] o.hibernate.annotations.common.Version   : HCANN000001: Hibernate Commons Annotations {5.0.4.Final}
2021-11-05 10:22:05.756  INFO 15136 --- [main] org.hibernate.dialect.Dialect            : HHH000400: Using dialect: org.hibernate.dialect.MySQL5Dialect
2021-11-05 10:22:06.948  INFO 15136 --- [main] j.LocalContainerEntityManagerFactoryBean : Initialized JPA EntityManagerFactory for persistence unit 'default'
2021-11-05 10:22:07.350  INFO 15136 --- [main] o.h.h.i.QueryTranslatorFactoryInitiator  : HHH000397: Using ASTQueryTranslatorFactory
2021-11-05 10:22:08.335  INFO 15136 --- [main] o.s.s.concurrent.ThreadPoolTaskExecutor  : Initializing ExecutorService 'applicationTaskExecutor'
2021-11-05 10:22:08.396  WARN 15136 --- [main] aWebConfiguration$JpaWebMvcConfiguration : spring.jpa.open-in-view is enabled by default. Therefore, database queries may be performed during view rendering. Explicitly configure spring.jpa.open-in-view to disable this warning
2021-11-05 10:22:08.787  INFO 15136 --- [main] t.e.spring.TimesheetServiceImplTest      : Started TimesheetServiceImplTest in 6.464 seconds (JVM running for 7.623)
2021-11-05 10:22:08.978  INFO 15136 --- [main] t.e.spring.TimesheetServiceImplTest      : mission added 32
2021-11-05 10:22:09.011  INFO 15136 --- [main] t.e.spring.TimesheetServiceImplTest      : timesheet parsed
2021-11-05 10:22:09.082  INFO 15136 --- [main] t.e.spring.TimesheetServiceImplTest      : mission added
2021-11-05 10:22:09.089  INFO 15136 --- [main] t.e.spring.TimesheetServiceImplTest      : departement created and added
2021-11-05 10:22:09.113  INFO 15136 --- [main] t.e.spring.TimesheetServiceImplTest      : Mission affected
2021-11-05 10:22:09.120  INFO 15136 --- [Thread-1] o.s.s.concurrent.ThreadPoolTaskExecutor  : Shutting down ExecutorService 'applicationTaskExecutor'
2021-11-05 10:22:09.122  INFO 15136 --- [Thread-1] j.LocalContainerEntityManagerFactoryBean : Closing JPA EntityManagerFactory for persistence unit 'default'
2021-11-05 10:22:09.126  INFO 15136 --- [Thread-1] com.zaxxer.hikari.HikariDataSource       : HikariPool-1 - Shutdown initiated...
2021-11-05 10:22:09.134  INFO 15136 --- [Thread-1] com.zaxxer.hikari.HikariDataSource       : HikariPool-1 - Shutdown completed.
2021-11-05 10:23:35.136  INFO 2620 --- [main] t.e.spring.TimesheetServiceImplTest      : Starting TimesheetServiceImplTest on DESKTOP-2K81BK0 with PID 2620 (started by Mahdi in C:\Users\Mahdi\Desktop\esprit\5eme\devops\TimesheetProject)
2021-11-05 10:23:35.139  INFO 2620 --- [main] t.e.spring.TimesheetServiceImplTest      : No active profile set, falling back to default profiles: default
2021-11-05 10:23:36.234  INFO 2620 --- [main] .s.d.r.c.RepositoryConfigurationDelegate : Bootstrapping Spring Data repositories in DEFAULT mode.
2021-11-05 10:23:36.344  INFO 2620 --- [main] .s.d.r.c.RepositoryConfigurationDelegate : Finished Spring Data repository scanning in 95ms. Found 6 repository interfaces.
2021-11-05 10:23:36.811  INFO 2620 --- [main] trationDelegate$BeanPostProcessorChecker : Bean 'org.springframework.transaction.annotation.ProxyTransactionManagementConfiguration' of type [org.springframework.transaction.annotation.ProxyTransactionManagementConfiguration$$EnhancerBySpringCGLIB$$d7e50995] is not eligible for getting processed by all BeanPostProcessors (for example: not eligible for auto-proxying)
2021-11-05 10:23:37.045  INFO 2620 --- [main] com.zaxxer.hikari.HikariDataSource       : HikariPool-1 - Starting...
2021-11-05 10:23:37.197  INFO 2620 --- [main] com.zaxxer.hikari.HikariDataSource       : HikariPool-1 - Start completed.
2021-11-05 10:23:37.268  INFO 2620 --- [main] o.hibernate.jpa.internal.util.LogHelper  : HHH000204: Processing PersistenceUnitInfo [
	name: default
	...]
2021-11-05 10:23:37.358  INFO 2620 --- [main] org.hibernate.Version                    : HHH000412: Hibernate Core {5.3.9.Final}
2021-11-05 10:23:37.360  INFO 2620 --- [main] org.hibernate.cfg.Environment            : HHH000206: hibernate.properties not found
2021-11-05 10:23:37.534  INFO 2620 --- [main] o.hibernate.annotations.common.Version   : HCANN000001: Hibernate Commons Annotations {5.0.4.Final}
2021-11-05 10:23:38.048  INFO 2620 --- [main] org.hibernate.dialect.Dialect            : HHH000400: Using dialect: org.hibernate.dialect.MySQL5Dialect
2021-11-05 10:23:39.140  INFO 2620 --- [main] j.LocalContainerEntityManagerFactoryBean : Initialized JPA EntityManagerFactory for persistence unit 'default'
2021-11-05 10:23:39.592  INFO 2620 --- [main] o.h.h.i.QueryTranslatorFactoryInitiator  : HHH000397: Using ASTQueryTranslatorFactory
2021-11-05 10:23:40.592  INFO 2620 --- [main] o.s.s.concurrent.ThreadPoolTaskExecutor  : Initializing ExecutorService 'applicationTaskExecutor'
2021-11-05 10:23:40.654  WARN 2620 --- [main] aWebConfiguration$JpaWebMvcConfiguration : spring.jpa.open-in-view is enabled by default. Therefore, database queries may be performed during view rendering. Explicitly configure spring.jpa.open-in-view to disable this warning
2021-11-05 10:23:41.036  INFO 2620 --- [main] t.e.spring.TimesheetServiceImplTest      : Started TimesheetServiceImplTest in 6.377 seconds (JVM running for 7.612)
2021-11-05 10:23:41.214  INFO 2620 --- [main] t.e.spring.TimesheetServiceImplTest      : mission added 35
2021-11-05 10:23:41.251  INFO 2620 --- [main] t.e.spring.TimesheetServiceImplTest      : timesheet parsed
2021-11-05 10:23:41.329  INFO 2620 --- [main] t.e.spring.TimesheetServiceImplTest      : mission added
2021-11-05 10:23:41.335  INFO 2620 --- [main] t.e.spring.TimesheetServiceImplTest      : departement created and added
2021-11-05 10:23:41.354  INFO 2620 --- [main] t.e.spring.TimesheetServiceImplTest      : Mission affected
2021-11-05 10:23:41.361  INFO 2620 --- [Thread-1] o.s.s.concurrent.ThreadPoolTaskExecutor  : Shutting down ExecutorService 'applicationTaskExecutor'
2021-11-05 10:23:41.363  INFO 2620 --- [Thread-1] j.LocalContainerEntityManagerFactoryBean : Closing JPA EntityManagerFactory for persistence unit 'default'
2021-11-05 10:23:41.366  INFO 2620 --- [Thread-1] com.zaxxer.hikari.HikariDataSource       : HikariPool-1 - Shutdown initiated...
2021-11-05 10:23:41.375  INFO 2620 --- [Thread-1] com.zaxxer.hikari.HikariDataSource       : HikariPool-1 - Shutdown completed.
2021-11-05 10:26:31.470  INFO 19368 --- [main] t.e.spring.TimesheetServiceImplTest      : Starting TimesheetServiceImplTest on DESKTOP-2K81BK0 with PID 19368 (started by Mahdi in C:\Users\Mahdi\Desktop\esprit\5eme\devops\TimesheetProject)
2021-11-05 10:26:31.472  INFO 19368 --- [main] t.e.spring.TimesheetServiceImplTest      : No active profile set, falling back to default profiles: default
2021-11-05 10:26:32.418  INFO 19368 --- [main] .s.d.r.c.RepositoryConfigurationDelegate : Bootstrapping Spring Data repositories in DEFAULT mode.
2021-11-05 10:26:32.528  INFO 19368 --- [main] .s.d.r.c.RepositoryConfigurationDelegate : Finished Spring Data repository scanning in 100ms. Found 6 repository interfaces.
2021-11-05 10:26:32.986  INFO 19368 --- [main] trationDelegate$BeanPostProcessorChecker : Bean 'org.springframework.transaction.annotation.ProxyTransactionManagementConfiguration' of type [org.springframework.transaction.annotation.ProxyTransactionManagementConfiguration$$EnhancerBySpringCGLIB$$c75e05] is not eligible for getting processed by all BeanPostProcessors (for example: not eligible for auto-proxying)
2021-11-05 10:26:33.226  INFO 19368 --- [main] com.zaxxer.hikari.HikariDataSource       : HikariPool-1 - Starting...
2021-11-05 10:26:33.389  INFO 19368 --- [main] com.zaxxer.hikari.HikariDataSource       : HikariPool-1 - Start completed.
2021-11-05 10:26:33.475  INFO 19368 --- [main] o.hibernate.jpa.internal.util.LogHelper  : HHH000204: Processing PersistenceUnitInfo [
	name: default
	...]
2021-11-05 10:26:33.580  INFO 19368 --- [main] org.hibernate.Version                    : HHH000412: Hibernate Core {5.3.9.Final}
2021-11-05 10:26:33.582  INFO 19368 --- [main] org.hibernate.cfg.Environment            : HHH000206: hibernate.properties not found
2021-11-05 10:26:33.735  INFO 19368 --- [main] o.hibernate.annotations.common.Version   : HCANN000001: Hibernate Commons Annotations {5.0.4.Final}
2021-11-05 10:26:34.239  INFO 19368 --- [main] org.hibernate.dialect.Dialect            : HHH000400: Using dialect: org.hibernate.dialect.MySQL5Dialect
2021-11-05 10:26:35.384  INFO 19368 --- [main] j.LocalContainerEntityManagerFactoryBean : Initialized JPA EntityManagerFactory for persistence unit 'default'
2021-11-05 10:26:35.762  INFO 19368 --- [main] o.h.h.i.QueryTranslatorFactoryInitiator  : HHH000397: Using ASTQueryTranslatorFactory
2021-11-05 10:26:36.786  INFO 19368 --- [main] o.s.s.concurrent.ThreadPoolTaskExecutor  : Initializing ExecutorService 'applicationTaskExecutor'
2021-11-05 10:26:36.861  WARN 19368 --- [main] aWebConfiguration$JpaWebMvcConfiguration : spring.jpa.open-in-view is enabled by default. Therefore, database queries may be performed during view rendering. Explicitly configure spring.jpa.open-in-view to disable this warning
2021-11-05 10:26:37.286  INFO 19368 --- [main] t.e.spring.TimesheetServiceImplTest      : Started TimesheetServiceImplTest in 6.291 seconds (JVM running for 7.407)
2021-11-05 10:26:37.476  INFO 19368 --- [main] t.e.spring.TimesheetServiceImplTest      : mission added 38
2021-11-05 10:26:37.561  INFO 19368 --- [main] t.e.spring.TimesheetServiceImplTest      : mission added
2021-11-05 10:26:37.568  INFO 19368 --- [main] t.e.spring.TimesheetServiceImplTest      : departement created and added
2021-11-05 10:26:37.621  INFO 19368 --- [main] t.e.spring.TimesheetServiceImplTest      : Mission affected
2021-11-05 10:26:37.628  INFO 19368 --- [Thread-1] o.s.s.concurrent.ThreadPoolTaskExecutor  : Shutting down ExecutorService 'applicationTaskExecutor'
2021-11-05 10:26:37.630  INFO 19368 --- [Thread-1] j.LocalContainerEntityManagerFactoryBean : Closing JPA EntityManagerFactory for persistence unit 'default'
2021-11-05 10:26:37.634  INFO 19368 --- [Thread-1] com.zaxxer.hikari.HikariDataSource       : HikariPool-1 - Shutdown initiated...
2021-11-05 10:26:37.642  INFO 19368 --- [Thread-1] com.zaxxer.hikari.HikariDataSource       : HikariPool-1 - Shutdown completed.
2021-11-05 10:30:49.877  INFO 5680 --- [main] t.e.spring.TimesheetServiceImplTest      : Starting TimesheetServiceImplTest on DESKTOP-2K81BK0 with PID 5680 (started by Mahdi in C:\Users\Mahdi\Desktop\esprit\5eme\devops\TimesheetProject)
2021-11-05 10:30:49.881  INFO 5680 --- [main] t.e.spring.TimesheetServiceImplTest      : No active profile set, falling back to default profiles: default
2021-11-05 10:30:50.944  INFO 5680 --- [main] .s.d.r.c.RepositoryConfigurationDelegate : Bootstrapping Spring Data repositories in DEFAULT mode.
2021-11-05 10:30:51.062  INFO 5680 --- [main] .s.d.r.c.RepositoryConfigurationDelegate : Finished Spring Data repository scanning in 106ms. Found 6 repository interfaces.
2021-11-05 10:30:51.509  INFO 5680 --- [main] trationDelegate$BeanPostProcessorChecker : Bean 'org.springframework.transaction.annotation.ProxyTransactionManagementConfiguration' of type [org.springframework.transaction.annotation.ProxyTransactionManagementConfiguration$$EnhancerBySpringCGLIB$$f8860b42] is not eligible for getting processed by all BeanPostProcessors (for example: not eligible for auto-proxying)
2021-11-05 10:30:51.733  INFO 5680 --- [main] com.zaxxer.hikari.HikariDataSource       : HikariPool-1 - Starting...
2021-11-05 10:30:51.884  INFO 5680 --- [main] com.zaxxer.hikari.HikariDataSource       : HikariPool-1 - Start completed.
2021-11-05 10:30:51.958  INFO 5680 --- [main] o.hibernate.jpa.internal.util.LogHelper  : HHH000204: Processing PersistenceUnitInfo [
	name: default
	...]
2021-11-05 10:30:52.041  INFO 5680 --- [main] org.hibernate.Version                    : HHH000412: Hibernate Core {5.3.9.Final}
2021-11-05 10:30:52.043  INFO 5680 --- [main] org.hibernate.cfg.Environment            : HHH000206: hibernate.properties not found
2021-11-05 10:30:52.203  INFO 5680 --- [main] o.hibernate.annotations.common.Version   : HCANN000001: Hibernate Commons Annotations {5.0.4.Final}
2021-11-05 10:30:52.724  INFO 5680 --- [main] org.hibernate.dialect.Dialect            : HHH000400: Using dialect: org.hibernate.dialect.MySQL5Dialect
2021-11-05 10:30:53.825  INFO 5680 --- [main] j.LocalContainerEntityManagerFactoryBean : Initialized JPA EntityManagerFactory for persistence unit 'default'
2021-11-05 10:30:54.165  INFO 5680 --- [main] o.h.h.i.QueryTranslatorFactoryInitiator  : HHH000397: Using ASTQueryTranslatorFactory
2021-11-05 10:30:55.211  INFO 5680 --- [main] o.s.s.concurrent.ThreadPoolTaskExecutor  : Initializing ExecutorService 'applicationTaskExecutor'
2021-11-05 10:30:55.276  WARN 5680 --- [main] aWebConfiguration$JpaWebMvcConfiguration : spring.jpa.open-in-view is enabled by default. Therefore, database queries may be performed during view rendering. Explicitly configure spring.jpa.open-in-view to disable this warning
2021-11-05 10:30:55.662  INFO 5680 --- [main] t.e.spring.TimesheetServiceImplTest      : Started TimesheetServiceImplTest in 6.249 seconds (JVM running for 7.394)
2021-11-05 10:30:55.832  INFO 5680 --- [main] t.e.spring.TimesheetServiceImplTest      : mission added 41
2021-11-05 10:30:55.867  INFO 5680 --- [main] t.e.spring.TimesheetServiceImplTest      : timesheet parsed
2021-11-05 10:30:55.940  INFO 5680 --- [main] t.e.spring.TimesheetServiceImplTest      : mission added
2021-11-05 10:30:55.944  INFO 5680 --- [main] t.e.spring.TimesheetServiceImplTest      : departement created and added
2021-11-05 10:30:55.963  INFO 5680 --- [main] t.e.spring.TimesheetServiceImplTest      : Mission affected
2021-11-05 10:30:55.970  INFO 5680 --- [Thread-1] o.s.s.concurrent.ThreadPoolTaskExecutor  : Shutting down ExecutorService 'applicationTaskExecutor'
2021-11-05 10:30:55.973  INFO 5680 --- [Thread-1] j.LocalContainerEntityManagerFactoryBean : Closing JPA EntityManagerFactory for persistence unit 'default'
2021-11-05 10:30:55.976  INFO 5680 --- [Thread-1] com.zaxxer.hikari.HikariDataSource       : HikariPool-1 - Shutdown initiated...
2021-11-05 10:30:55.985  INFO 5680 --- [Thread-1] com.zaxxer.hikari.HikariDataSource       : HikariPool-1 - Shutdown completed.
2021-11-05 10:32:35.711  INFO 16348 --- [main] t.e.spring.TimesheetServiceImplTest      : Starting TimesheetServiceImplTest on DESKTOP-2K81BK0 with PID 16348 (started by Mahdi in C:\Users\Mahdi\Desktop\esprit\5eme\devops\TimesheetProject)
2021-11-05 10:32:35.713  INFO 16348 --- [main] t.e.spring.TimesheetServiceImplTest      : No active profile set, falling back to default profiles: default
2021-11-05 10:32:36.673  INFO 16348 --- [main] .s.d.r.c.RepositoryConfigurationDelegate : Bootstrapping Spring Data repositories in DEFAULT mode.
2021-11-05 10:32:36.791  INFO 16348 --- [main] .s.d.r.c.RepositoryConfigurationDelegate : Finished Spring Data repository scanning in 103ms. Found 6 repository interfaces.
2021-11-05 10:32:37.312  INFO 16348 --- [main] trationDelegate$BeanPostProcessorChecker : Bean 'org.springframework.transaction.annotation.ProxyTransactionManagementConfiguration' of type [org.springframework.transaction.annotation.ProxyTransactionManagementConfiguration$$EnhancerBySpringCGLIB$$692a7d0e] is not eligible for getting processed by all BeanPostProcessors (for example: not eligible for auto-proxying)
2021-11-05 10:32:37.548  INFO 16348 --- [main] com.zaxxer.hikari.HikariDataSource       : HikariPool-1 - Starting...
2021-11-05 10:32:37.699  INFO 16348 --- [main] com.zaxxer.hikari.HikariDataSource       : HikariPool-1 - Start completed.
2021-11-05 10:32:37.769  INFO 16348 --- [main] o.hibernate.jpa.internal.util.LogHelper  : HHH000204: Processing PersistenceUnitInfo [
	name: default
	...]
2021-11-05 10:32:37.850  INFO 16348 --- [main] org.hibernate.Version                    : HHH000412: Hibernate Core {5.3.9.Final}
2021-11-05 10:32:37.851  INFO 16348 --- [main] org.hibernate.cfg.Environment            : HHH000206: hibernate.properties not found
2021-11-05 10:32:38.008  INFO 16348 --- [main] o.hibernate.annotations.common.Version   : HCANN000001: Hibernate Commons Annotations {5.0.4.Final}
2021-11-05 10:32:38.515  INFO 16348 --- [main] org.hibernate.dialect.Dialect            : HHH000400: Using dialect: org.hibernate.dialect.MySQL5Dialect
2021-11-05 10:32:39.610  INFO 16348 --- [main] j.LocalContainerEntityManagerFactoryBean : Initialized JPA EntityManagerFactory for persistence unit 'default'
2021-11-05 10:32:39.948  INFO 16348 --- [main] o.h.h.i.QueryTranslatorFactoryInitiator  : HHH000397: Using ASTQueryTranslatorFactory
2021-11-05 10:32:41.022  INFO 16348 --- [main] o.s.s.concurrent.ThreadPoolTaskExecutor  : Initializing ExecutorService 'applicationTaskExecutor'
2021-11-05 10:32:41.089  WARN 16348 --- [main] aWebConfiguration$JpaWebMvcConfiguration : spring.jpa.open-in-view is enabled by default. Therefore, database queries may be performed during view rendering. Explicitly configure spring.jpa.open-in-view to disable this warning
2021-11-05 10:32:41.471  INFO 16348 --- [main] t.e.spring.TimesheetServiceImplTest      : Started TimesheetServiceImplTest in 6.239 seconds (JVM running for 7.335)
2021-11-05 10:32:41.650  INFO 16348 --- [main] t.e.spring.TimesheetServiceImplTest      : mission added 44
2021-11-05 10:32:41.703  INFO 16348 --- [main] t.e.spring.TimesheetServiceImplTest      : timesheet parsed
2021-11-05 10:32:41.774  INFO 16348 --- [main] t.e.spring.TimesheetServiceImplTest      : time sheet ADDED
2021-11-05 10:32:41.782  INFO 16348 --- [main] t.e.spring.TimesheetServiceImplTest      : mission added
2021-11-05 10:32:41.786  INFO 16348 --- [main] t.e.spring.TimesheetServiceImplTest      : departement created and added
2021-11-05 10:32:41.805  INFO 16348 --- [main] t.e.spring.TimesheetServiceImplTest      : Mission affected
2021-11-05 10:32:41.815  INFO 16348 --- [Thread-1] o.s.s.concurrent.ThreadPoolTaskExecutor  : Shutting down ExecutorService 'applicationTaskExecutor'
2021-11-05 10:32:41.817  INFO 16348 --- [Thread-1] j.LocalContainerEntityManagerFactoryBean : Closing JPA EntityManagerFactory for persistence unit 'default'
2021-11-05 10:32:41.820  INFO 16348 --- [Thread-1] com.zaxxer.hikari.HikariDataSource       : HikariPool-1 - Shutdown initiated...
2021-11-05 10:32:41.829  INFO 16348 --- [Thread-1] com.zaxxer.hikari.HikariDataSource       : HikariPool-1 - Shutdown completed.
2021-11-05 10:33:49.056  INFO 14548 --- [main] t.e.spring.TimesheetServiceImplTest      : Starting TimesheetServiceImplTest on DESKTOP-2K81BK0 with PID 14548 (started by Mahdi in C:\Users\Mahdi\Desktop\esprit\5eme\devops\TimesheetProject)
2021-11-05 10:33:49.058  INFO 14548 --- [main] t.e.spring.TimesheetServiceImplTest      : No active profile set, falling back to default profiles: default
2021-11-05 10:33:50.190  INFO 14548 --- [main] .s.d.r.c.RepositoryConfigurationDelegate : Bootstrapping Spring Data repositories in DEFAULT mode.
2021-11-05 10:33:50.294  INFO 14548 --- [main] .s.d.r.c.RepositoryConfigurationDelegate : Finished Spring Data repository scanning in 92ms. Found 6 repository interfaces.
2021-11-05 10:33:50.734  INFO 14548 --- [main] trationDelegate$BeanPostProcessorChecker : Bean 'org.springframework.transaction.annotation.ProxyTransactionManagementConfiguration' of type [org.springframework.transaction.annotation.ProxyTransactionManagementConfiguration$$EnhancerBySpringCGLIB$$49242aee] is not eligible for getting processed by all BeanPostProcessors (for example: not eligible for auto-proxying)
2021-11-05 10:33:50.965  INFO 14548 --- [main] com.zaxxer.hikari.HikariDataSource       : HikariPool-1 - Starting...
2021-11-05 10:33:51.122  INFO 14548 --- [main] com.zaxxer.hikari.HikariDataSource       : HikariPool-1 - Start completed.
2021-11-05 10:33:51.193  INFO 14548 --- [main] o.hibernate.jpa.internal.util.LogHelper  : HHH000204: Processing PersistenceUnitInfo [
	name: default
	...]
2021-11-05 10:33:51.275  INFO 14548 --- [main] org.hibernate.Version                    : HHH000412: Hibernate Core {5.3.9.Final}
2021-11-05 10:33:51.277  INFO 14548 --- [main] org.hibernate.cfg.Environment            : HHH000206: hibernate.properties not found
2021-11-05 10:33:51.450  INFO 14548 --- [main] o.hibernate.annotations.common.Version   : HCANN000001: Hibernate Commons Annotations {5.0.4.Final}
2021-11-05 10:33:51.996  INFO 14548 --- [main] org.hibernate.dialect.Dialect            : HHH000400: Using dialect: org.hibernate.dialect.MySQL5Dialect
2021-11-05 10:33:53.118  INFO 14548 --- [main] j.LocalContainerEntityManagerFactoryBean : Initialized JPA EntityManagerFactory for persistence unit 'default'
2021-11-05 10:33:53.516  INFO 14548 --- [main] o.h.h.i.QueryTranslatorFactoryInitiator  : HHH000397: Using ASTQueryTranslatorFactory
2021-11-05 10:33:54.597  INFO 14548 --- [main] o.s.s.concurrent.ThreadPoolTaskExecutor  : Initializing ExecutorService 'applicationTaskExecutor'
2021-11-05 10:33:54.666  WARN 14548 --- [main] aWebConfiguration$JpaWebMvcConfiguration : spring.jpa.open-in-view is enabled by default. Therefore, database queries may be performed during view rendering. Explicitly configure spring.jpa.open-in-view to disable this warning
2021-11-05 10:33:55.080  INFO 14548 --- [main] t.e.spring.TimesheetServiceImplTest      : Started TimesheetServiceImplTest in 6.583 seconds (JVM running for 7.72)
2021-11-05 10:33:55.275  INFO 14548 --- [main] t.e.spring.TimesheetServiceImplTest      : mission added 47
2021-11-05 10:33:55.333  INFO 14548 --- [main] t.e.spring.TimesheetServiceImplTest      : timesheet parsed
2021-11-05 10:33:55.405  INFO 14548 --- [main] t.e.spring.TimesheetServiceImplTest      : time sheet ADDED
2021-11-05 10:33:55.413  INFO 14548 --- [main] t.e.spring.TimesheetServiceImplTest      : mission added
2021-11-05 10:33:55.418  INFO 14548 --- [main] t.e.spring.TimesheetServiceImplTest      : departement created and added
2021-11-05 10:33:55.443  INFO 14548 --- [main] t.e.spring.TimesheetServiceImplTest      : Mission affected
2021-11-05 10:33:55.456  INFO 14548 --- [Thread-1] o.s.s.concurrent.ThreadPoolTaskExecutor  : Shutting down ExecutorService 'applicationTaskExecutor'
2021-11-05 10:33:55.460  INFO 14548 --- [Thread-1] j.LocalContainerEntityManagerFactoryBean : Closing JPA EntityManagerFactory for persistence unit 'default'
2021-11-05 10:33:55.464  INFO 14548 --- [Thread-1] com.zaxxer.hikari.HikariDataSource       : HikariPool-1 - Shutdown initiated...
2021-11-05 10:33:55.475  INFO 14548 --- [Thread-1] com.zaxxer.hikari.HikariDataSource       : HikariPool-1 - Shutdown completed.
